[2023-12-05 18:08:04,085] {taskinstance.py:896} INFO - Dependencies all met for <TaskInstance: booking_ingestion.load_data 2023-12-04T18:07:53.626862+00:00 [queued]>
[2023-12-05 18:08:04,118] {taskinstance.py:896} INFO - Dependencies all met for <TaskInstance: booking_ingestion.load_data 2023-12-04T18:07:53.626862+00:00 [queued]>
[2023-12-05 18:08:04,118] {taskinstance.py:1087} INFO - 
--------------------------------------------------------------------------------
[2023-12-05 18:08:04,119] {taskinstance.py:1088} INFO - Starting attempt 1 of 1
[2023-12-05 18:08:04,121] {taskinstance.py:1089} INFO - 
--------------------------------------------------------------------------------
[2023-12-05 18:08:04,172] {taskinstance.py:1107} INFO - Executing <Task(PythonOperator): load_data> on 2023-12-04T18:07:53.626862+00:00
[2023-12-05 18:08:04,176] {standard_task_runner.py:52} INFO - Started process 108 to run task
[2023-12-05 18:08:04,182] {standard_task_runner.py:76} INFO - Running: ['airflow', 'tasks', 'run', 'booking_ingestion', 'load_data', '2023-12-04T18:07:53.626862+00:00', '--job-id', '3', '--pool', 'default_pool', '--raw', '--subdir', 'DAGS_FOLDER/data_ingestion_dag/main.py', '--cfg-path', '/tmp/tmpawf17oj2', '--error-file', '/tmp/tmpw4ssefi1']
[2023-12-05 18:08:04,184] {standard_task_runner.py:77} INFO - Job 3: Subtask load_data
[2023-12-05 18:08:04,282] {logging_mixin.py:104} INFO - Running <TaskInstance: booking_ingestion.load_data 2023-12-04T18:07:53.626862+00:00 [running]> on host 5e34028eae60
[2023-12-05 18:08:04,396] {taskinstance.py:1300} INFO - Exporting the following env vars:
AIRFLOW_CTX_DAG_OWNER=airflow
AIRFLOW_CTX_DAG_ID=booking_ingestion
AIRFLOW_CTX_TASK_ID=load_data
AIRFLOW_CTX_EXECUTION_DATE=2023-12-04T18:07:53.626862+00:00
AIRFLOW_CTX_DAG_RUN_ID=scheduled__2023-12-04T18:07:53.626862+00:00
[2023-12-05 18:08:04,491] {python.py:151} INFO - Done. Returned value was: None
[2023-12-05 18:08:04,505] {taskinstance.py:1204} INFO - Marking task as SUCCESS. dag_id=booking_ingestion, task_id=load_data, execution_date=20231204T180753, start_date=20231205T180804, end_date=20231205T180804
[2023-12-05 18:08:04,547] {taskinstance.py:1265} INFO - 0 downstream tasks scheduled from follow-on schedule check
[2023-12-05 18:08:04,558] {local_task_job.py:151} INFO - Task exited with return code 0
