[2023-12-05 18:24:58,532] {taskinstance.py:896} INFO - Dependencies all met for <TaskInstance: booking_ingestion.load_data 2023-12-05T18:24:53.953141+00:00 [queued]>
[2023-12-05 18:24:58,550] {taskinstance.py:896} INFO - Dependencies all met for <TaskInstance: booking_ingestion.load_data 2023-12-05T18:24:53.953141+00:00 [queued]>
[2023-12-05 18:24:58,550] {taskinstance.py:1087} INFO - 
--------------------------------------------------------------------------------
[2023-12-05 18:24:58,551] {taskinstance.py:1088} INFO - Starting attempt 1 of 1
[2023-12-05 18:24:58,551] {taskinstance.py:1089} INFO - 
--------------------------------------------------------------------------------
[2023-12-05 18:24:58,574] {taskinstance.py:1107} INFO - Executing <Task(PythonOperator): load_data> on 2023-12-05T18:24:53.953141+00:00
[2023-12-05 18:24:58,577] {standard_task_runner.py:52} INFO - Started process 560 to run task
[2023-12-05 18:24:58,580] {standard_task_runner.py:76} INFO - Running: ['airflow', 'tasks', 'run', 'booking_ingestion', 'load_data', '2023-12-05T18:24:53.953141+00:00', '--job-id', '7', '--pool', 'default_pool', '--raw', '--subdir', 'DAGS_FOLDER/data_ingestion_dag/main.py', '--cfg-path', '/tmp/tmphaxs2oqd', '--error-file', '/tmp/tmpqpaji9xe']
[2023-12-05 18:24:58,581] {standard_task_runner.py:77} INFO - Job 7: Subtask load_data
[2023-12-05 18:24:58,645] {logging_mixin.py:104} INFO - Running <TaskInstance: booking_ingestion.load_data 2023-12-05T18:24:53.953141+00:00 [running]> on host 5e34028eae60
[2023-12-05 18:24:58,759] {taskinstance.py:1300} INFO - Exporting the following env vars:
AIRFLOW_CTX_DAG_OWNER=airflow
AIRFLOW_CTX_DAG_ID=booking_ingestion
AIRFLOW_CTX_TASK_ID=load_data
AIRFLOW_CTX_EXECUTION_DATE=2023-12-05T18:24:53.953141+00:00
AIRFLOW_CTX_DAG_RUN_ID=manual__2023-12-05T18:24:53.953141+00:00
[2023-12-05 18:24:58,833] {python.py:151} INFO - Done. Returned value was: None
[2023-12-05 18:24:58,855] {taskinstance.py:1204} INFO - Marking task as SUCCESS. dag_id=booking_ingestion, task_id=load_data, execution_date=20231205T182453, start_date=20231205T182458, end_date=20231205T182458
[2023-12-05 18:24:58,915] {taskinstance.py:1265} INFO - 0 downstream tasks scheduled from follow-on schedule check
[2023-12-05 18:24:58,954] {local_task_job.py:151} INFO - Task exited with return code 0
