[2023-12-06 05:19:34,771] {taskinstance.py:896} INFO - Dependencies all met for <TaskInstance: booking_ingestion.transform_data 2023-12-06T05:19:31.694077+00:00 [queued]>
[2023-12-06 05:19:34,813] {taskinstance.py:896} INFO - Dependencies all met for <TaskInstance: booking_ingestion.transform_data 2023-12-06T05:19:31.694077+00:00 [queued]>
[2023-12-06 05:19:34,814] {taskinstance.py:1087} INFO - 
--------------------------------------------------------------------------------
[2023-12-06 05:19:34,815] {taskinstance.py:1088} INFO - Starting attempt 1 of 1
[2023-12-06 05:19:34,815] {taskinstance.py:1089} INFO - 
--------------------------------------------------------------------------------
[2023-12-06 05:19:34,876] {taskinstance.py:1107} INFO - Executing <Task(PythonOperator): transform_data> on 2023-12-06T05:19:31.694077+00:00
[2023-12-06 05:19:34,880] {standard_task_runner.py:52} INFO - Started process 58 to run task
[2023-12-06 05:19:34,886] {standard_task_runner.py:76} INFO - Running: ['airflow', 'tasks', 'run', 'booking_ingestion', 'transform_data', '2023-12-06T05:19:31.694077+00:00', '--job-id', '10', '--pool', 'default_pool', '--raw', '--subdir', 'DAGS_FOLDER/data_ingestion_dag/main.py', '--cfg-path', '/tmp/tmpiq82zoen', '--error-file', '/tmp/tmpwiurtmh8']
[2023-12-06 05:19:34,887] {standard_task_runner.py:77} INFO - Job 10: Subtask transform_data
[2023-12-06 05:19:34,965] {logging_mixin.py:104} INFO - Running <TaskInstance: booking_ingestion.transform_data 2023-12-06T05:19:31.694077+00:00 [running]> on host e4129730c035
[2023-12-06 05:19:35,098] {taskinstance.py:1300} INFO - Exporting the following env vars:
AIRFLOW_CTX_DAG_OWNER=airflow
AIRFLOW_CTX_DAG_ID=booking_ingestion
AIRFLOW_CTX_TASK_ID=transform_data
AIRFLOW_CTX_EXECUTION_DATE=2023-12-06T05:19:31.694077+00:00
AIRFLOW_CTX_DAG_RUN_ID=manual__2023-12-06T05:19:31.694077+00:00
[2023-12-06 05:19:35,157] {python.py:151} INFO - Done. Returned value was: None
[2023-12-06 05:19:35,175] {taskinstance.py:1204} INFO - Marking task as SUCCESS. dag_id=booking_ingestion, task_id=transform_data, execution_date=20231206T051931, start_date=20231206T051934, end_date=20231206T051935
[2023-12-06 05:19:35,253] {taskinstance.py:1265} INFO - 1 downstream tasks scheduled from follow-on schedule check
[2023-12-06 05:19:35,263] {local_task_job.py:151} INFO - Task exited with return code 0
