[2023-12-05 18:20:40,381] {taskinstance.py:896} INFO - Dependencies all met for <TaskInstance: booking_ingestion.load_data 2023-12-05T18:20:35.504823+00:00 [queued]>
[2023-12-05 18:20:40,407] {taskinstance.py:896} INFO - Dependencies all met for <TaskInstance: booking_ingestion.load_data 2023-12-05T18:20:35.504823+00:00 [queued]>
[2023-12-05 18:20:40,408] {taskinstance.py:1087} INFO - 
--------------------------------------------------------------------------------
[2023-12-05 18:20:40,408] {taskinstance.py:1088} INFO - Starting attempt 1 of 1
[2023-12-05 18:20:40,409] {taskinstance.py:1089} INFO - 
--------------------------------------------------------------------------------
[2023-12-05 18:20:40,445] {taskinstance.py:1107} INFO - Executing <Task(PythonOperator): load_data> on 2023-12-05T18:20:35.504823+00:00
[2023-12-05 18:20:40,448] {standard_task_runner.py:52} INFO - Started process 424 to run task
[2023-12-05 18:20:40,452] {standard_task_runner.py:76} INFO - Running: ['airflow', 'tasks', 'run', 'booking_ingestion', 'load_data', '2023-12-05T18:20:35.504823+00:00', '--job-id', '5', '--pool', 'default_pool', '--raw', '--subdir', 'DAGS_FOLDER/data_ingestion_dag/main.py', '--cfg-path', '/tmp/tmpk621wi44', '--error-file', '/tmp/tmpappy650c']
[2023-12-05 18:20:40,454] {standard_task_runner.py:77} INFO - Job 5: Subtask load_data
[2023-12-05 18:20:40,521] {logging_mixin.py:104} INFO - Running <TaskInstance: booking_ingestion.load_data 2023-12-05T18:20:35.504823+00:00 [running]> on host 5e34028eae60
[2023-12-05 18:20:40,649] {taskinstance.py:1300} INFO - Exporting the following env vars:
AIRFLOW_CTX_DAG_OWNER=airflow
AIRFLOW_CTX_DAG_ID=booking_ingestion
AIRFLOW_CTX_TASK_ID=load_data
AIRFLOW_CTX_EXECUTION_DATE=2023-12-05T18:20:35.504823+00:00
AIRFLOW_CTX_DAG_RUN_ID=manual__2023-12-05T18:20:35.504823+00:00
[2023-12-05 18:20:40,719] {python.py:151} INFO - Done. Returned value was: None
[2023-12-05 18:20:40,734] {taskinstance.py:1204} INFO - Marking task as SUCCESS. dag_id=booking_ingestion, task_id=load_data, execution_date=20231205T182035, start_date=20231205T182040, end_date=20231205T182040
[2023-12-05 18:20:40,791] {taskinstance.py:1265} INFO - 0 downstream tasks scheduled from follow-on schedule check
[2023-12-05 18:20:40,825] {local_task_job.py:151} INFO - Task exited with return code 0
