[2023-12-05 18:20:38,015] {taskinstance.py:896} INFO - Dependencies all met for <TaskInstance: booking_ingestion.transform_data 2023-12-05T18:20:35.504823+00:00 [queued]>
[2023-12-05 18:20:38,033] {taskinstance.py:896} INFO - Dependencies all met for <TaskInstance: booking_ingestion.transform_data 2023-12-05T18:20:35.504823+00:00 [queued]>
[2023-12-05 18:20:38,033] {taskinstance.py:1087} INFO - 
--------------------------------------------------------------------------------
[2023-12-05 18:20:38,033] {taskinstance.py:1088} INFO - Starting attempt 1 of 1
[2023-12-05 18:20:38,034] {taskinstance.py:1089} INFO - 
--------------------------------------------------------------------------------
[2023-12-05 18:20:38,062] {taskinstance.py:1107} INFO - Executing <Task(PythonOperator): transform_data> on 2023-12-05T18:20:35.504823+00:00
[2023-12-05 18:20:38,067] {standard_task_runner.py:52} INFO - Started process 410 to run task
[2023-12-05 18:20:38,071] {standard_task_runner.py:76} INFO - Running: ['airflow', 'tasks', 'run', 'booking_ingestion', 'transform_data', '2023-12-05T18:20:35.504823+00:00', '--job-id', '4', '--pool', 'default_pool', '--raw', '--subdir', 'DAGS_FOLDER/data_ingestion_dag/main.py', '--cfg-path', '/tmp/tmpwexyoqhf', '--error-file', '/tmp/tmp6mt9uxxp']
[2023-12-05 18:20:38,072] {standard_task_runner.py:77} INFO - Job 4: Subtask transform_data
[2023-12-05 18:20:38,149] {logging_mixin.py:104} INFO - Running <TaskInstance: booking_ingestion.transform_data 2023-12-05T18:20:35.504823+00:00 [running]> on host 5e34028eae60
[2023-12-05 18:20:38,260] {taskinstance.py:1300} INFO - Exporting the following env vars:
AIRFLOW_CTX_DAG_OWNER=airflow
AIRFLOW_CTX_DAG_ID=booking_ingestion
AIRFLOW_CTX_TASK_ID=transform_data
AIRFLOW_CTX_EXECUTION_DATE=2023-12-05T18:20:35.504823+00:00
AIRFLOW_CTX_DAG_RUN_ID=manual__2023-12-05T18:20:35.504823+00:00
[2023-12-05 18:20:38,292] {python.py:151} INFO - Done. Returned value was: None
[2023-12-05 18:20:38,302] {taskinstance.py:1204} INFO - Marking task as SUCCESS. dag_id=booking_ingestion, task_id=transform_data, execution_date=20231205T182035, start_date=20231205T182038, end_date=20231205T182038
[2023-12-05 18:20:38,363] {taskinstance.py:1265} INFO - 1 downstream tasks scheduled from follow-on schedule check
[2023-12-05 18:20:38,405] {local_task_job.py:151} INFO - Task exited with return code 0
