[2023-12-06 05:23:29,123] {taskinstance.py:896} INFO - Dependencies all met for <TaskInstance: booking_ingestion.load_data 2023-12-06T05:23:21.519649+00:00 [queued]>
[2023-12-06 05:23:29,150] {taskinstance.py:896} INFO - Dependencies all met for <TaskInstance: booking_ingestion.load_data 2023-12-06T05:23:21.519649+00:00 [queued]>
[2023-12-06 05:23:29,151] {taskinstance.py:1087} INFO - 
--------------------------------------------------------------------------------
[2023-12-06 05:23:29,151] {taskinstance.py:1088} INFO - Starting attempt 1 of 1
[2023-12-06 05:23:29,152] {taskinstance.py:1089} INFO - 
--------------------------------------------------------------------------------
[2023-12-06 05:23:29,205] {taskinstance.py:1107} INFO - Executing <Task(PythonOperator): load_data> on 2023-12-06T05:23:21.519649+00:00
[2023-12-06 05:23:29,210] {standard_task_runner.py:52} INFO - Started process 72 to run task
[2023-12-06 05:23:29,215] {standard_task_runner.py:76} INFO - Running: ['airflow', 'tasks', 'run', 'booking_ingestion', 'load_data', '2023-12-06T05:23:21.519649+00:00', '--job-id', '14', '--pool', 'default_pool', '--raw', '--subdir', 'DAGS_FOLDER/data_ingestion_dag/main.py', '--cfg-path', '/tmp/tmp51_12prp', '--error-file', '/tmp/tmp3mu1nb7z']
[2023-12-06 05:23:29,217] {standard_task_runner.py:77} INFO - Job 14: Subtask load_data
[2023-12-06 05:23:29,335] {logging_mixin.py:104} INFO - Running <TaskInstance: booking_ingestion.load_data 2023-12-06T05:23:21.519649+00:00 [running]> on host 3908d01491d9
[2023-12-06 05:23:29,496] {taskinstance.py:1300} INFO - Exporting the following env vars:
AIRFLOW_CTX_DAG_OWNER=airflow
AIRFLOW_CTX_DAG_ID=booking_ingestion
AIRFLOW_CTX_TASK_ID=load_data
AIRFLOW_CTX_EXECUTION_DATE=2023-12-06T05:23:21.519649+00:00
AIRFLOW_CTX_DAG_RUN_ID=manual__2023-12-06T05:23:21.519649+00:00
[2023-12-06 05:23:29,539] {logging_mixin.py:104} WARNING - /home/airflow/.local/lib/python3.8/site-packages/pandas/core/generic.py:2779 UserWarning: The spaces in these column names will not be changed. In pandas versions < 0.14, spaces were converted to underscores.
[2023-12-06 05:23:29,634] {python.py:151} INFO - Done. Returned value was: None
[2023-12-06 05:23:29,653] {taskinstance.py:1204} INFO - Marking task as SUCCESS. dag_id=booking_ingestion, task_id=load_data, execution_date=20231206T052321, start_date=20231206T052329, end_date=20231206T052329
[2023-12-06 05:23:29,715] {taskinstance.py:1265} INFO - 0 downstream tasks scheduled from follow-on schedule check
[2023-12-06 05:23:29,750] {local_task_job.py:151} INFO - Task exited with return code 0
