[2023-12-05 18:08:01,372] {taskinstance.py:896} INFO - Dependencies all met for <TaskInstance: booking_ingestion.transform_data 2023-12-04T18:07:53.626862+00:00 [queued]>
[2023-12-05 18:08:01,455] {taskinstance.py:896} INFO - Dependencies all met for <TaskInstance: booking_ingestion.transform_data 2023-12-04T18:07:53.626862+00:00 [queued]>
[2023-12-05 18:08:01,455] {taskinstance.py:1087} INFO - 
--------------------------------------------------------------------------------
[2023-12-05 18:08:01,456] {taskinstance.py:1088} INFO - Starting attempt 1 of 1
[2023-12-05 18:08:01,456] {taskinstance.py:1089} INFO - 
--------------------------------------------------------------------------------
[2023-12-05 18:08:01,499] {taskinstance.py:1107} INFO - Executing <Task(PythonOperator): transform_data> on 2023-12-04T18:07:53.626862+00:00
[2023-12-05 18:08:01,503] {standard_task_runner.py:52} INFO - Started process 94 to run task
[2023-12-05 18:08:01,508] {standard_task_runner.py:76} INFO - Running: ['airflow', 'tasks', 'run', 'booking_ingestion', 'transform_data', '2023-12-04T18:07:53.626862+00:00', '--job-id', '2', '--pool', 'default_pool', '--raw', '--subdir', 'DAGS_FOLDER/data_ingestion_dag/main.py', '--cfg-path', '/tmp/tmpcw2gu_90', '--error-file', '/tmp/tmph7gxe9gp']
[2023-12-05 18:08:01,510] {standard_task_runner.py:77} INFO - Job 2: Subtask transform_data
[2023-12-05 18:08:01,565] {logging_mixin.py:104} INFO - Running <TaskInstance: booking_ingestion.transform_data 2023-12-04T18:07:53.626862+00:00 [running]> on host 5e34028eae60
[2023-12-05 18:08:01,698] {taskinstance.py:1300} INFO - Exporting the following env vars:
AIRFLOW_CTX_DAG_OWNER=airflow
AIRFLOW_CTX_DAG_ID=booking_ingestion
AIRFLOW_CTX_TASK_ID=transform_data
AIRFLOW_CTX_EXECUTION_DATE=2023-12-04T18:07:53.626862+00:00
AIRFLOW_CTX_DAG_RUN_ID=scheduled__2023-12-04T18:07:53.626862+00:00
[2023-12-05 18:08:01,833] {python.py:151} INFO - Done. Returned value was: None
[2023-12-05 18:08:01,850] {taskinstance.py:1204} INFO - Marking task as SUCCESS. dag_id=booking_ingestion, task_id=transform_data, execution_date=20231204T180753, start_date=20231205T180801, end_date=20231205T180801
[2023-12-05 18:08:01,938] {taskinstance.py:1265} INFO - 1 downstream tasks scheduled from follow-on schedule check
[2023-12-05 18:08:01,964] {local_task_job.py:151} INFO - Task exited with return code 0
